<?xml version="1.0" encoding="UTF-8"?>
<!-- Generated by org.testng.reporters.JUnitReportReporter -->
<testsuite hostname="Nsquare" failures="0" tests="1" name="com.wordpressTestcases.CalcPayment" time="15.555" errors="0" timestamp="2021-06-23T13:18:52 PDT" skipped="0">
  <testcase classname="com.wordpressTestcases.CalcPayment" name="captureMonthlyPayment" time="15.555"/>
  <system-out/>
</testsuite> <!-- com.wordpressTestcases.CalcPayment -->
