<?xml version="1.0" encoding="UTF-8"?>
<!-- Generated by org.testng.reporters.JUnitReportReporter -->
<testsuite hostname="Nsquare" failures="0" tests="1" name="com.wordpressTestcases.CalcPayment" time="14.639" errors="0" timestamp="2021-06-24T08:34:37 PDT" skipped="0">
  <testcase classname="com.wordpressTestcases.CalcPayment" name="captureMonthlyPayment" time="14.639"/>
  <system-out/>
</testsuite> <!-- com.wordpressTestcases.CalcPayment -->
