<?xml version="1.0" encoding="UTF-8"?>
<!-- Generated by org.testng.reporters.JUnitReportReporter -->
<testsuite hostname="Nsquare" failures="0" tests="1" name="com.wordpressTestcases.CalcPayment" time="16.028" errors="0" timestamp="2021-06-23T16:22:03 PDT" skipped="0">
  <testcase classname="com.wordpressTestcases.CalcPayment" name="captureMonthlyPayment" time="16.028"/>
  <system-out/>
</testsuite> <!-- com.wordpressTestcases.CalcPayment -->
